2020-02-10T00:02:04+00:00 CRITICAL syntax error, unexpected '}' in C:\xampp\htdocs\kienphongjf\wp-content\themes\storefront-child\inc\widgets\hotlineWidget.php on line 38

2020-02-10T00:03:04+00:00 CRITICAL syntax error, unexpected '}' in C:\xampp\htdocs\kienphongjf\wp-content\themes\storefront-child\inc\widgets\hotlineWidget.php on line 39

2020-02-10T00:05:04+00:00 CRITICAL syntax error, unexpected '<' in C:\xampp\htdocs\kienphongjf\wp-content\themes\storefront-child\inc\widgets\hotlineWidget.php on line 42

2020-02-10T00:08:39+00:00 CRITICAL syntax error, unexpected 'endwhile' (T_ENDWHILE), expecting elseif (T_ELSEIF) or else (T_ELSE) or endif (T_ENDIF) in C:\xampp\htdocs\kienphongjf\wp-content\themes\storefront-child\inc\widgets\hotlineWidget.php on line 47

2020-02-10T00:15:40+00:00 CRITICAL syntax error, unexpected ':' in C:\xampp\htdocs\kienphongjf\wp-content\themes\storefront-child\inc\widgets\hotlineWidget.php on line 65

2020-02-10T00:17:40+00:00 CRITICAL syntax error, unexpected ',' in C:\xampp\htdocs\kienphongjf\wp-content\themes\storefront-child\inc\widgets\hotlineWidget.php on line 67

2020-02-10T00:18:03+00:00 CRITICAL syntax error, unexpected ',' in C:\xampp\htdocs\kienphongjf\wp-content\themes\storefront-child\inc\widgets\hotlineWidget.php on line 67

2020-02-10T00:19:27+00:00 CRITICAL syntax error, unexpected ',' in C:\xampp\htdocs\kienphongjf\wp-content\themes\storefront-child\inc\widgets\hotlineWidget.php on line 67

2020-02-10T00:19:28+00:00 CRITICAL syntax error, unexpected ',' in C:\xampp\htdocs\kienphongjf\wp-content\themes\storefront-child\inc\widgets\hotlineWidget.php on line 67

2020-02-10T00:59:46+00:00 CRITICAL syntax error, unexpected ';', expecting ')' in C:\xampp\htdocs\kienphongjf\wp-content\themes\storefront-child\inc\widgets\hotlineWidget.php on line 70

2020-02-10T01:06:52+00:00 CRITICAL syntax error, unexpected ')' in C:\xampp\htdocs\kienphongjf\wp-content\themes\storefront-child\inc\widgets\hotlineWidget.php on line 64

2020-02-10T02:00:41+00:00 CRITICAL syntax error, unexpected end of file in C:\xampp\htdocs\kienphongjf\wp-content\themes\storefront-child\functions.php on line 168

2020-02-10T02:47:34+00:00 CRITICAL Call to undefined function show_thumb() in C:\xampp\htdocs\kienphongjf\wp-content\themes\storefront-child\category.php on line 18

2020-02-10T02:55:52+00:00 CRITICAL syntax error, unexpected end of file, expecting '`' in C:\xampp\htdocs\kienphongjf\wp-content\themes\storefront-child\functions.php on line 171

2020-02-10T02:56:40+00:00 CRITICAL syntax error, unexpected end of file, expecting '`' in C:\xampp\htdocs\kienphongjf\wp-content\themes\storefront-child\functions.php on line 171

2020-02-10T02:56:53+00:00 CRITICAL syntax error, unexpected end of file, expecting '`' in C:\xampp\htdocs\kienphongjf\wp-content\themes\storefront-child\functions.php on line 171

2020-02-10T02:57:53+00:00 CRITICAL syntax error, unexpected end of file, expecting '`' in C:\xampp\htdocs\kienphongjf\wp-content\themes\storefront-child\functions.php on line 171

2020-02-10T02:59:06+00:00 CRITICAL syntax error, unexpected end of file, expecting '`' in C:\xampp\htdocs\kienphongjf\wp-content\themes\storefront-child\functions.php on line 171

2020-02-10T02:59:07+00:00 CRITICAL syntax error, unexpected end of file, expecting '`' in C:\xampp\htdocs\kienphongjf\wp-content\themes\storefront-child\functions.php on line 171

2020-02-10T02:59:21+00:00 CRITICAL syntax error, unexpected end of file, expecting '`' in C:\xampp\htdocs\kienphongjf\wp-content\themes\storefront-child\functions.php on line 171

2020-02-10T04:46:16+00:00 CRITICAL Call to undefined function wp_corenavi_table() in C:\xampp\htdocs\kienphongjf\wp-content\themes\storefront-child\search.php on line 46

